[0.282s] DEBUG:colcon:Command line arguments: ['/usr/bin/colcon', 'build', '--symlink-install', '--packages-select', 'test_assembly2_description']
[0.282s] DEBUG:colcon:Parsed command line arguments: Namespace(log_base=None, log_level=None, verb_name='build', build_base='build', install_base='install', merge_install=False, symlink_install=True, test_result_base=None, continue_on_error=False, executor='parallel', parallel_workers=18, event_handlers=None, ignore_user_meta=False, metas=['./colcon.meta'], base_paths=['.'], packages_ignore=None, packages_ignore_regex=None, paths=None, packages_up_to=None, packages_up_to_regex=None, packages_above=None, packages_above_and_dependencies=None, packages_above_depth=None, packages_select_by_dep=None, packages_skip_by_dep=None, packages_skip_up_to=None, packages_select_build_failed=False, packages_skip_build_finished=False, packages_select_test_failures=False, packages_skip_test_passed=False, packages_select=['test_assembly2_description'], packages_skip=None, packages_select_regex=None, packages_skip_regex=None, packages_start=None, packages_end=None, allow_overriding=[], cmake_args=None, cmake_target=None, cmake_target_skip_unavailable=False, cmake_clean_cache=False, cmake_clean_first=False, cmake_force_configure=False, ament_cmake_args=None, catkin_cmake_args=None, catkin_skip_building_tests=False, mixin_files=None, mixin=None, verb_parser=<colcon_mixin.mixin.mixin_argument.MixinArgumentDecorator object at 0x7d626e96c500>, verb_extension=<colcon_core.verb.build.BuildVerb object at 0x7d626e8ebb90>, main=<bound method BuildVerb.main of <colcon_core.verb.build.BuildVerb object at 0x7d626e8ebb90>>, mixin_verb=('build',))
[0.348s] Level 1:colcon.colcon_core.package_discovery:discover_packages(colcon_meta) check parameters
[0.348s] Level 1:colcon.colcon_core.package_discovery:discover_packages(recursive) check parameters
[0.348s] Level 1:colcon.colcon_core.package_discovery:discover_packages(ignore) check parameters
[0.348s] Level 1:colcon.colcon_core.package_discovery:discover_packages(path) check parameters
[0.348s] Level 1:colcon.colcon_core.package_discovery:discover_packages(colcon_meta) discover
[0.349s] Level 1:colcon.colcon_core.package_discovery:discover_packages(recursive) discover
[0.349s] INFO:colcon.colcon_core.package_discovery:Crawling recursively for packages in '/home/shiha/gz_ws'
[0.349s] Level 1:colcon.colcon_core.package_identification:_identify(.) by extensions ['ignore', 'ignore_ament_install']
[0.349s] Level 1:colcon.colcon_core.package_identification:_identify(.) by extension 'ignore'
[0.349s] Level 1:colcon.colcon_core.package_identification:_identify(.) by extension 'ignore_ament_install'
[0.349s] Level 1:colcon.colcon_core.package_identification:_identify(.) by extensions ['colcon_pkg']
[0.349s] Level 1:colcon.colcon_core.package_identification:_identify(.) by extension 'colcon_pkg'
[0.349s] Level 1:colcon.colcon_core.package_identification:_identify(.) by extensions ['colcon_meta']
[0.350s] Level 1:colcon.colcon_core.package_identification:_identify(.) by extension 'colcon_meta'
[0.350s] Level 1:colcon.colcon_core.package_identification:_identify(.) by extensions ['ros']
[0.350s] Level 1:colcon.colcon_core.package_identification:_identify(.) by extension 'ros'
[0.395s] Level 1:colcon.colcon_core.package_identification:_identify(.) by extensions ['cmake', 'python']
[0.395s] Level 1:colcon.colcon_core.package_identification:_identify(.) by extension 'cmake'
[0.395s] Level 1:colcon.colcon_core.package_identification:_identify(.) by extension 'python'
[0.395s] Level 1:colcon.colcon_core.package_identification:_identify(.) by extensions ['python_setup_py']
[0.395s] Level 1:colcon.colcon_core.package_identification:_identify(.) by extension 'python_setup_py'
[0.395s] Level 1:colcon.colcon_core.package_identification:_identify(build) by extensions ['ignore', 'ignore_ament_install']
[0.395s] Level 1:colcon.colcon_core.package_identification:_identify(build) by extension 'ignore'
[0.395s] Level 1:colcon.colcon_core.package_identification:_identify(build) ignored
[0.396s] Level 1:colcon.colcon_core.package_identification:_identify(install) by extensions ['ignore', 'ignore_ament_install']
[0.396s] Level 1:colcon.colcon_core.package_identification:_identify(install) by extension 'ignore'
[0.396s] Level 1:colcon.colcon_core.package_identification:_identify(install) ignored
[0.396s] Level 1:colcon.colcon_core.package_identification:_identify(log) by extensions ['ignore', 'ignore_ament_install']
[0.396s] Level 1:colcon.colcon_core.package_identification:_identify(log) by extension 'ignore'
[0.396s] Level 1:colcon.colcon_core.package_identification:_identify(log) ignored
[0.396s] Level 1:colcon.colcon_core.package_identification:_identify(src) by extensions ['ignore', 'ignore_ament_install']
[0.397s] Level 1:colcon.colcon_core.package_identification:_identify(src) by extension 'ignore'
[0.397s] Level 1:colcon.colcon_core.package_identification:_identify(src) by extension 'ignore_ament_install'
[0.397s] Level 1:colcon.colcon_core.package_identification:_identify(src) by extensions ['colcon_pkg']
[0.397s] Level 1:colcon.colcon_core.package_identification:_identify(src) by extension 'colcon_pkg'
[0.397s] Level 1:colcon.colcon_core.package_identification:_identify(src) by extensions ['colcon_meta']
[0.397s] Level 1:colcon.colcon_core.package_identification:_identify(src) by extension 'colcon_meta'
[0.397s] Level 1:colcon.colcon_core.package_identification:_identify(src) by extensions ['ros']
[0.397s] Level 1:colcon.colcon_core.package_identification:_identify(src) by extension 'ros'
[0.401s] DEBUG:colcon.colcon_core.package_identification:Package 'src' with type 'ros.ament_python' and name 'parking_gz_sim'
[0.401s] Level 1:colcon.colcon_core.package_identification:_identify(test_assembly2_description) by extensions ['ignore', 'ignore_ament_install']
[0.401s] Level 1:colcon.colcon_core.package_identification:_identify(test_assembly2_description) by extension 'ignore'
[0.402s] Level 1:colcon.colcon_core.package_identification:_identify(test_assembly2_description) by extension 'ignore_ament_install'
[0.402s] Level 1:colcon.colcon_core.package_identification:_identify(test_assembly2_description) by extensions ['colcon_pkg']
[0.402s] Level 1:colcon.colcon_core.package_identification:_identify(test_assembly2_description) by extension 'colcon_pkg'
[0.402s] Level 1:colcon.colcon_core.package_identification:_identify(test_assembly2_description) by extensions ['colcon_meta']
[0.402s] Level 1:colcon.colcon_core.package_identification:_identify(test_assembly2_description) by extension 'colcon_meta'
[0.402s] Level 1:colcon.colcon_core.package_identification:_identify(test_assembly2_description) by extensions ['ros']
[0.402s] Level 1:colcon.colcon_core.package_identification:_identify(test_assembly2_description) by extension 'ros'
[0.403s] DEBUG:colcon.colcon_core.package_identification:Package 'test_assembly2_description' with type 'ros.ament_cmake' and name 'test_assembly2_description'
[0.403s] Level 1:colcon.colcon_core.package_discovery:discover_packages(recursive) using defaults
[0.403s] Level 1:colcon.colcon_core.package_discovery:discover_packages(ignore) discover
[0.403s] Level 1:colcon.colcon_core.package_discovery:discover_packages(ignore) using defaults
[0.403s] Level 1:colcon.colcon_core.package_discovery:discover_packages(path) discover
[0.403s] Level 1:colcon.colcon_core.package_discovery:discover_packages(path) using defaults
[0.433s] INFO:colcon.colcon_core.package_selection:Skipping not selected package 'parking_gz_sim' in 'src'
[0.434s] Level 1:colcon.colcon_core.package_discovery:discover_packages(prefix_path) check parameters
[0.434s] Level 1:colcon.colcon_core.package_discovery:discover_packages(prefix_path) discover
[0.437s] DEBUG:colcon.colcon_installed_package_information.package_discovery:Found 1 installed packages in /home/shiha/gz_ws/install
[0.438s] DEBUG:colcon.colcon_installed_package_information.package_discovery:Found 4 installed packages in /home/shiha/my_ws/install
[0.440s] DEBUG:colcon.colcon_installed_package_information.package_discovery:Found 404 installed packages in /opt/ros/jazzy
[0.443s] Level 1:colcon.colcon_core.package_discovery:discover_packages(prefix_path) using defaults
[0.527s] Level 5:colcon.colcon_core.verb:set package 'test_assembly2_description' build argument 'cmake_args' from command line to 'None'
[0.527s] Level 5:colcon.colcon_core.verb:set package 'test_assembly2_description' build argument 'cmake_target' from command line to 'None'
[0.527s] Level 5:colcon.colcon_core.verb:set package 'test_assembly2_description' build argument 'cmake_target_skip_unavailable' from command line to 'False'
[0.527s] Level 5:colcon.colcon_core.verb:set package 'test_assembly2_description' build argument 'cmake_clean_cache' from command line to 'False'
[0.527s] Level 5:colcon.colcon_core.verb:set package 'test_assembly2_description' build argument 'cmake_clean_first' from command line to 'False'
[0.527s] Level 5:colcon.colcon_core.verb:set package 'test_assembly2_description' build argument 'cmake_force_configure' from command line to 'False'
[0.527s] Level 5:colcon.colcon_core.verb:set package 'test_assembly2_description' build argument 'ament_cmake_args' from command line to 'None'
[0.527s] Level 5:colcon.colcon_core.verb:set package 'test_assembly2_description' build argument 'catkin_cmake_args' from command line to 'None'
[0.527s] Level 5:colcon.colcon_core.verb:set package 'test_assembly2_description' build argument 'catkin_skip_building_tests' from command line to 'False'
[0.527s] DEBUG:colcon.colcon_core.verb:Building package 'test_assembly2_description' with the following arguments: {'ament_cmake_args': None, 'build_base': '/home/shiha/gz_ws/build/test_assembly2_description', 'catkin_cmake_args': None, 'catkin_skip_building_tests': False, 'cmake_args': None, 'cmake_clean_cache': False, 'cmake_clean_first': False, 'cmake_force_configure': False, 'cmake_target': None, 'cmake_target_skip_unavailable': False, 'install_base': '/home/shiha/gz_ws/install/test_assembly2_description', 'merge_install': False, 'path': '/home/shiha/gz_ws/test_assembly2_description', 'symlink_install': True, 'test_result_base': None}
[0.527s] INFO:colcon.colcon_core.executor:Executing jobs using 'parallel' executor
[0.529s] DEBUG:colcon.colcon_parallel_executor.executor.parallel:run_until_complete
[0.529s] INFO:colcon.colcon_ros.task.ament_cmake.build:Building ROS package in '/home/shiha/gz_ws/test_assembly2_description' with build type 'ament_cmake'
[0.530s] INFO:colcon.colcon_cmake.task.cmake.build:Building CMake package in '/home/shiha/gz_ws/test_assembly2_description'
[0.534s] INFO:colcon.colcon_core.plugin_system:Skipping extension 'colcon_core.shell.bat': Not used on non-Windows systems
[0.535s] INFO:colcon.colcon_core.shell:Skip shell extension 'powershell' for command environment: Not usable outside of PowerShell
[0.535s] DEBUG:colcon.colcon_core.shell:Skip shell extension 'dsv' for command environment
[0.555s] DEBUG:colcon.colcon_core.event_handler.log_command:Invoking command in '/home/shiha/gz_ws/build/test_assembly2_description': CMAKE_PREFIX_PATH=${CMAKE_PREFIX_PATH}:/home/shiha/gz_ws/install/parking_gz_sim:/home/shiha/my_ws/install/using_my_custom_interface_package:/home/shiha/my_ws/install/my_rclpy_package:/home/shiha/my_ws/install/learning_tf2:/opt/ros/jazzy CONDA_PROMPT_MODIFIER=(base) /usr/bin/cmake /home/shiha/gz_ws/test_assembly2_description -DAMENT_CMAKE_SYMLINK_INSTALL=1 -DCMAKE_INSTALL_PREFIX=/home/shiha/gz_ws/install/test_assembly2_description
[5.660s] DEBUG:colcon.colcon_core.event_handler.log_command:Invoked command in '/home/shiha/gz_ws/build/test_assembly2_description' returned '1': CMAKE_PREFIX_PATH=${CMAKE_PREFIX_PATH}:/home/shiha/gz_ws/install/parking_gz_sim:/home/shiha/my_ws/install/using_my_custom_interface_package:/home/shiha/my_ws/install/my_rclpy_package:/home/shiha/my_ws/install/learning_tf2:/opt/ros/jazzy CONDA_PROMPT_MODIFIER=(base) /usr/bin/cmake /home/shiha/gz_ws/test_assembly2_description -DAMENT_CMAKE_SYMLINK_INSTALL=1 -DCMAKE_INSTALL_PREFIX=/home/shiha/gz_ws/install/test_assembly2_description
[5.684s] Level 1:colcon.colcon_core.environment:create_environment_scripts_only(test_assembly2_description)
[5.690s] Level 1:colcon.colcon_core.environment:checking '/home/shiha/gz_ws/install/test_assembly2_description' for CMake module files
[5.690s] Level 1:colcon.colcon_core.environment:checking '/home/shiha/gz_ws/install/test_assembly2_description' for CMake config files
[5.691s] Level 1:colcon.colcon_core.environment:checking '/home/shiha/gz_ws/install/test_assembly2_description/bin'
[5.691s] Level 1:colcon.colcon_core.environment:checking '/home/shiha/gz_ws/install/test_assembly2_description/lib/pkgconfig/test_assembly2_description.pc'
[5.692s] Level 1:colcon.colcon_core.environment:checking '/home/shiha/gz_ws/install/test_assembly2_description/lib/python3.12/site-packages'
[5.692s] Level 1:colcon.colcon_core.environment:checking '/home/shiha/gz_ws/install/test_assembly2_description/bin'
[5.692s] INFO:colcon.colcon_core.shell:Creating package script '/home/shiha/gz_ws/install/test_assembly2_description/share/test_assembly2_description/package.ps1'
[5.695s] INFO:colcon.colcon_core.shell:Creating package descriptor '/home/shiha/gz_ws/install/test_assembly2_description/share/test_assembly2_description/package.dsv'
[5.695s] INFO:colcon.colcon_core.shell:Creating package script '/home/shiha/gz_ws/install/test_assembly2_description/share/test_assembly2_description/package.sh'
[5.696s] INFO:colcon.colcon_core.shell:Creating package script '/home/shiha/gz_ws/install/test_assembly2_description/share/test_assembly2_description/package.bash'
[5.697s] INFO:colcon.colcon_core.shell:Creating package script '/home/shiha/gz_ws/install/test_assembly2_description/share/test_assembly2_description/package.zsh'
[5.698s] Level 1:colcon.colcon_core.environment:create_file_with_runtime_dependencies(/home/shiha/gz_ws/install/test_assembly2_description/share/colcon-core/packages/test_assembly2_description)
[5.710s] DEBUG:colcon.colcon_parallel_executor.executor.parallel:closing loop
[5.710s] DEBUG:colcon.colcon_parallel_executor.executor.parallel:loop closed
[5.711s] DEBUG:colcon.colcon_parallel_executor.executor.parallel:run_until_complete finished with '1'
[5.712s] DEBUG:colcon.colcon_core.event_reactor:joining thread
[5.826s] INFO:colcon.colcon_core.plugin_system:Skipping extension 'colcon_notification.desktop_notification.notify_send': Could not find 'notify-send'
[5.826s] INFO:colcon.colcon_core.plugin_system:Skipping extension 'colcon_notification.desktop_notification.terminal_notifier': Not used on non-Darwin systems
[5.827s] INFO:colcon.colcon_core.plugin_system:Skipping extension 'colcon_notification.desktop_notification.win32': Not used on non-Windows systems
[5.827s] INFO:colcon.colcon_notification.desktop_notification:Sending desktop notification using 'notify2'
[5.832s] DEBUG:colcon.colcon_notification.desktop_notification.notify2:Failed to initialize notify2: org.freedesktop.DBus.Error.ServiceUnknown: The name org.freedesktop.Notifications was not provided by any .service files
[5.833s] DEBUG:colcon.colcon_core.event_reactor:joined thread
[5.834s] INFO:colcon.colcon_core.shell:Creating prefix script '/home/shiha/gz_ws/install/local_setup.ps1'
[5.835s] INFO:colcon.colcon_core.shell:Creating prefix util module '/home/shiha/gz_ws/install/_local_setup_util_ps1.py'
[5.839s] INFO:colcon.colcon_core.shell:Creating prefix chain script '/home/shiha/gz_ws/install/setup.ps1'
[5.844s] INFO:colcon.colcon_core.shell:Creating prefix script '/home/shiha/gz_ws/install/local_setup.sh'
[5.846s] INFO:colcon.colcon_core.shell:Creating prefix util module '/home/shiha/gz_ws/install/_local_setup_util_sh.py'
[5.849s] INFO:colcon.colcon_core.shell:Creating prefix chain script '/home/shiha/gz_ws/install/setup.sh'
[5.853s] INFO:colcon.colcon_core.shell:Creating prefix script '/home/shiha/gz_ws/install/local_setup.bash'
[5.855s] INFO:colcon.colcon_core.shell:Creating prefix chain script '/home/shiha/gz_ws/install/setup.bash'
[5.857s] INFO:colcon.colcon_core.shell:Creating prefix script '/home/shiha/gz_ws/install/local_setup.zsh'
[5.858s] INFO:colcon.colcon_core.shell:Creating prefix chain script '/home/shiha/gz_ws/install/setup.zsh'
