[2.207s] Invoking command in '/home/shiha/gz_ws/build/parking_gz_sim': CONDA_PROMPT_MODIFIER=(base) PYTHONPATH=/home/shiha/gz_ws/build/parking_gz_sim/prefix_override:/usr/lib/python3/dist-packages/colcon_core/task/python/colcon_distutils_commands:/home/shiha/gz_ws/install/parking_gz_sim/lib/python3.12/site-packages:${PYTHONPATH} /usr/bin/python3 -W ignore:setup.py install is deprecated -W ignore:easy_install command is deprecated setup.py develop --editable --build-directory /home/shiha/gz_ws/build/parking_gz_sim/build --no-deps symlink_data
[2.803s] running develop
[3.289s] running egg_info
[3.346s] writing parking_gz_sim.egg-info/PKG-INFO
[3.347s] writing dependency_links to parking_gz_sim.egg-info/dependency_links.txt
[3.348s] writing entry points to parking_gz_sim.egg-info/entry_points.txt
[3.351s] writing requirements to parking_gz_sim.egg-info/requires.txt
[3.351s] writing top-level names to parking_gz_sim.egg-info/top_level.txt
[3.513s] reading manifest file 'parking_gz_sim.egg-info/SOURCES.txt'
[3.516s] writing manifest file 'parking_gz_sim.egg-info/SOURCES.txt'
[3.562s] running build_ext
[3.563s] Creating /home/shiha/gz_ws/install/parking_gz_sim/lib/python3.12/site-packages/parking-gz-sim.egg-link (link to .)
[3.565s] Installing cctv_map_builder script to /home/shiha/gz_ws/install/parking_gz_sim/lib/parking_gz_sim
[3.566s] Installing gripper_controller script to /home/shiha/gz_ws/install/parking_gz_sim/lib/parking_gz_sim
[3.568s] Installing map_astar_planner script to /home/shiha/gz_ws/install/parking_gz_sim/lib/parking_gz_sim
[3.569s] Installing sim_rigid_body_sync script to /home/shiha/gz_ws/install/parking_gz_sim/lib/parking_gz_sim
[3.570s] Installing waypoint_publisher script to /home/shiha/gz_ws/install/parking_gz_sim/lib/parking_gz_sim
[3.572s] 
[3.572s] Installed /home/shiha/gz_ws/build/parking_gz_sim
[3.573s] running symlink_data
[3.640s] Invoked command in '/home/shiha/gz_ws/build/parking_gz_sim' returned '0': CONDA_PROMPT_MODIFIER=(base) PYTHONPATH=/home/shiha/gz_ws/build/parking_gz_sim/prefix_override:/usr/lib/python3/dist-packages/colcon_core/task/python/colcon_distutils_commands:/home/shiha/gz_ws/install/parking_gz_sim/lib/python3.12/site-packages:${PYTHONPATH} /usr/bin/python3 -W ignore:setup.py install is deprecated -W ignore:easy_install command is deprecated setup.py develop --editable --build-directory /home/shiha/gz_ws/build/parking_gz_sim/build --no-deps symlink_data
