[1.646s] Invoking command in '/home/shiha/gz_ws/build/parking_gz_sim': CONDA_PROMPT_MODIFIER=(base) PYTHONPATH=/home/shiha/gz_ws/build/parking_gz_sim/prefix_override:/usr/lib/python3/dist-packages/colcon_core/task/python/colcon_distutils_commands:/home/shiha/gz_ws/install/parking_gz_sim/lib/python3.12/site-packages:${PYTHONPATH} /usr/bin/python3 -W ignore:setup.py install is deprecated -W ignore:easy_install command is deprecated setup.py develop --editable --build-directory /home/shiha/gz_ws/build/parking_gz_sim/build --no-deps symlink_data
[2.041s] running develop
[2.269s] running egg_info
[2.288s] writing parking_gz_sim.egg-info/PKG-INFO
[2.289s] writing dependency_links to parking_gz_sim.egg-info/dependency_links.txt
[2.290s] writing entry points to parking_gz_sim.egg-info/entry_points.txt
[2.290s] writing requirements to parking_gz_sim.egg-info/requires.txt
[2.290s] writing top-level names to parking_gz_sim.egg-info/top_level.txt
[2.332s] reading manifest file 'parking_gz_sim.egg-info/SOURCES.txt'
[2.335s] writing manifest file 'parking_gz_sim.egg-info/SOURCES.txt'
[2.360s] running build_ext
[2.360s] Creating /home/shiha/gz_ws/install/parking_gz_sim/lib/python3.12/site-packages/parking-gz-sim.egg-link (link to .)
[2.362s] Installing cctv_map_builder script to /home/shiha/gz_ws/install/parking_gz_sim/lib/parking_gz_sim
[2.362s] Installing map_astar_planner script to /home/shiha/gz_ws/install/parking_gz_sim/lib/parking_gz_sim
[2.363s] Installing sim_rigid_body_sync script to /home/shiha/gz_ws/install/parking_gz_sim/lib/parking_gz_sim
[2.364s] Installing waypoint_publisher script to /home/shiha/gz_ws/install/parking_gz_sim/lib/parking_gz_sim
[2.364s] 
[2.364s] Installed /home/shiha/gz_ws/build/parking_gz_sim
[2.364s] running symlink_data
[2.407s] Invoked command in '/home/shiha/gz_ws/build/parking_gz_sim' returned '0': CONDA_PROMPT_MODIFIER=(base) PYTHONPATH=/home/shiha/gz_ws/build/parking_gz_sim/prefix_override:/usr/lib/python3/dist-packages/colcon_core/task/python/colcon_distutils_commands:/home/shiha/gz_ws/install/parking_gz_sim/lib/python3.12/site-packages:${PYTHONPATH} /usr/bin/python3 -W ignore:setup.py install is deprecated -W ignore:easy_install command is deprecated setup.py develop --editable --build-directory /home/shiha/gz_ws/build/parking_gz_sim/build --no-deps symlink_data
