[3.268s] Invoking command in '/home/shiha/gz_ws/build/parking_gz_sim': CONDA_PROMPT_MODIFIER=(base) PYTHONPATH=/home/shiha/gz_ws/build/parking_gz_sim/prefix_override:/usr/lib/python3/dist-packages/colcon_core/task/python/colcon_distutils_commands:/home/shiha/gz_ws/install/parking_gz_sim/lib/python3.12/site-packages:${PYTHONPATH} /usr/bin/python3 -W ignore:setup.py install is deprecated -W ignore:easy_install command is deprecated setup.py develop --editable --build-directory /home/shiha/gz_ws/build/parking_gz_sim/build --no-deps symlink_data --force
[3.957s] running develop
[4.465s] running egg_info
[4.517s] writing parking_gz_sim.egg-info/PKG-INFO
[4.519s] writing dependency_links to parking_gz_sim.egg-info/dependency_links.txt
[4.520s] writing entry points to parking_gz_sim.egg-info/entry_points.txt
[4.522s] writing requirements to parking_gz_sim.egg-info/requires.txt
[4.522s] writing top-level names to parking_gz_sim.egg-info/top_level.txt
[4.649s] reading manifest file 'parking_gz_sim.egg-info/SOURCES.txt'
[4.655s] writing manifest file 'parking_gz_sim.egg-info/SOURCES.txt'
[4.741s] running build_ext
[4.751s] Creating /home/shiha/gz_ws/install/parking_gz_sim/lib/python3.12/site-packages/parking-gz-sim.egg-link (link to .)
[4.756s] Installing cctv_map_builder script to /home/shiha/gz_ws/install/parking_gz_sim/lib/parking_gz_sim
[4.772s] Installing gripper_controller script to /home/shiha/gz_ws/install/parking_gz_sim/lib/parking_gz_sim
[4.776s] Installing map_astar_planner script to /home/shiha/gz_ws/install/parking_gz_sim/lib/parking_gz_sim
[4.780s] Installing sim_rigid_body_sync script to /home/shiha/gz_ws/install/parking_gz_sim/lib/parking_gz_sim
[4.782s] Installing waypoint_publisher script to /home/shiha/gz_ws/install/parking_gz_sim/lib/parking_gz_sim
[4.784s] 
[4.786s] Installed /home/shiha/gz_ws/build/parking_gz_sim
[4.786s] running symlink_data
[4.791s] symbolically linking /home/shiha/gz_ws/build/parking_gz_sim/resource/parking_gz_sim -> /home/shiha/gz_ws/install/parking_gz_sim/share/ament_index/resource_index/packages
[4.795s] symbolically linking /home/shiha/gz_ws/build/parking_gz_sim/package.xml -> /home/shiha/gz_ws/install/parking_gz_sim/share/parking_gz_sim
[4.811s] symbolically linking /home/shiha/gz_ws/build/parking_gz_sim/launch/deliverybot.launch.py -> /home/shiha/gz_ws/install/parking_gz_sim/share/parking_gz_sim/launch
[4.812s] symbolically linking /home/shiha/gz_ws/build/parking_gz_sim/launch/sim.launch.py -> /home/shiha/gz_ws/install/parking_gz_sim/share/parking_gz_sim/launch
[4.816s] symbolically linking /home/shiha/gz_ws/build/parking_gz_sim/worlds/parking_lot.sdf -> /home/shiha/gz_ws/install/parking_gz_sim/share/parking_gz_sim/worlds
[4.818s] symbolically linking /home/shiha/gz_ws/build/parking_gz_sim/worlds/deliverybot_parking.sdf -> /home/shiha/gz_ws/install/parking_gz_sim/share/parking_gz_sim/worlds
[4.820s] symbolically linking /home/shiha/gz_ws/build/parking_gz_sim/config/bridge_deliverybot.yaml -> /home/shiha/gz_ws/install/parking_gz_sim/share/parking_gz_sim/config
[4.822s] symbolically linking /home/shiha/gz_ws/build/parking_gz_sim/config/bridge.yaml -> /home/shiha/gz_ws/install/parking_gz_sim/share/parking_gz_sim/config
[5.012s] Invoked command in '/home/shiha/gz_ws/build/parking_gz_sim' returned '0': CONDA_PROMPT_MODIFIER=(base) PYTHONPATH=/home/shiha/gz_ws/build/parking_gz_sim/prefix_override:/usr/lib/python3/dist-packages/colcon_core/task/python/colcon_distutils_commands:/home/shiha/gz_ws/install/parking_gz_sim/lib/python3.12/site-packages:${PYTHONPATH} /usr/bin/python3 -W ignore:setup.py install is deprecated -W ignore:easy_install command is deprecated setup.py develop --editable --build-directory /home/shiha/gz_ws/build/parking_gz_sim/build --no-deps symlink_data --force
