[1.136s] Invoking command in '/home/shiha/gz_ws/build/parking_gz_sim': CONDA_PROMPT_MODIFIER=(base) PYTHONPATH=/home/shiha/gz_ws/build/parking_gz_sim/prefix_override:/usr/lib/python3/dist-packages/colcon_core/task/python/colcon_distutils_commands:/home/shiha/gz_ws/install/parking_gz_sim/lib/python3.12/site-packages:${PYTHONPATH} /usr/bin/python3 -W ignore:setup.py install is deprecated -W ignore:easy_install command is deprecated setup.py develop --editable --build-directory /home/shiha/gz_ws/build/parking_gz_sim/build --no-deps symlink_data
[1.574s] running develop
[1.831s] running egg_info
[1.852s] writing parking_gz_sim.egg-info/PKG-INFO
[1.852s] writing dependency_links to parking_gz_sim.egg-info/dependency_links.txt
[1.853s] writing entry points to parking_gz_sim.egg-info/entry_points.txt
[1.853s] writing requirements to parking_gz_sim.egg-info/requires.txt
[1.853s] writing top-level names to parking_gz_sim.egg-info/top_level.txt
[1.912s] reading manifest file 'parking_gz_sim.egg-info/SOURCES.txt'
[1.913s] writing manifest file 'parking_gz_sim.egg-info/SOURCES.txt'
[1.943s] running build_ext
[1.945s] Creating /home/shiha/gz_ws/install/parking_gz_sim/lib/python3.12/site-packages/parking-gz-sim.egg-link (link to .)
[1.945s] Installing cctv_map_builder script to /home/shiha/gz_ws/install/parking_gz_sim/lib/parking_gz_sim
[1.946s] Installing map_astar_planner script to /home/shiha/gz_ws/install/parking_gz_sim/lib/parking_gz_sim
[1.947s] Installing sim_rigid_body_sync script to /home/shiha/gz_ws/install/parking_gz_sim/lib/parking_gz_sim
[1.951s] Installing waypoint_publisher script to /home/shiha/gz_ws/install/parking_gz_sim/lib/parking_gz_sim
[1.954s] 
[1.954s] Installed /home/shiha/gz_ws/build/parking_gz_sim
[1.954s] running symlink_data
[1.994s] Invoked command in '/home/shiha/gz_ws/build/parking_gz_sim' returned '0': CONDA_PROMPT_MODIFIER=(base) PYTHONPATH=/home/shiha/gz_ws/build/parking_gz_sim/prefix_override:/usr/lib/python3/dist-packages/colcon_core/task/python/colcon_distutils_commands:/home/shiha/gz_ws/install/parking_gz_sim/lib/python3.12/site-packages:${PYTHONPATH} /usr/bin/python3 -W ignore:setup.py install is deprecated -W ignore:easy_install command is deprecated setup.py develop --editable --build-directory /home/shiha/gz_ws/build/parking_gz_sim/build --no-deps symlink_data
