[2.093s] Invoking command in '/home/shiha/gz_ws/src': CONDA_PROMPT_MODIFIER=(base) PYTHONPATH=/home/shiha/gz_ws/build/parking_gz_sim/prefix_override:/usr/lib/python3/dist-packages/colcon_core/task/python/colcon_distutils_commands:/home/shiha/gz_ws/install/parking_gz_sim/lib/python3.12/site-packages:${PYTHONPATH} /usr/bin/python3 -W ignore:setup.py install is deprecated -W ignore:easy_install command is deprecated setup.py egg_info --egg-base ../build/parking_gz_sim build --build-base /home/shiha/gz_ws/build/parking_gz_sim/build install --record /home/shiha/gz_ws/build/parking_gz_sim/install.log --single-version-externally-managed install_data
[3.180s] running egg_info
[3.272s] writing ../build/parking_gz_sim/parking_gz_sim.egg-info/PKG-INFO
[3.274s] writing dependency_links to ../build/parking_gz_sim/parking_gz_sim.egg-info/dependency_links.txt
[3.276s] writing entry points to ../build/parking_gz_sim/parking_gz_sim.egg-info/entry_points.txt
[3.277s] writing requirements to ../build/parking_gz_sim/parking_gz_sim.egg-info/requires.txt
[3.279s] writing top-level names to ../build/parking_gz_sim/parking_gz_sim.egg-info/top_level.txt
[3.491s] reading manifest file '../build/parking_gz_sim/parking_gz_sim.egg-info/SOURCES.txt'
[3.494s] writing manifest file '../build/parking_gz_sim/parking_gz_sim.egg-info/SOURCES.txt'
[3.495s] running build
[3.495s] running build_py
[3.496s] copying parking_gz_sim/map_astar_planner.py -> /home/shiha/gz_ws/build/parking_gz_sim/build/lib/parking_gz_sim
[3.497s] running install
[3.513s] running install_lib
[3.592s] copying /home/shiha/gz_ws/build/parking_gz_sim/build/lib/parking_gz_sim/map_astar_planner.py -> /home/shiha/gz_ws/install/parking_gz_sim/lib/python3.12/site-packages/parking_gz_sim
[3.596s] byte-compiling /home/shiha/gz_ws/install/parking_gz_sim/lib/python3.12/site-packages/parking_gz_sim/map_astar_planner.py to map_astar_planner.cpython-312.pyc
[3.606s] running install_data
[3.606s] running install_egg_info
[3.699s] removing '/home/shiha/gz_ws/install/parking_gz_sim/lib/python3.12/site-packages/parking_gz_sim-0.1.0-py3.12.egg-info' (and everything under it)
[3.702s] Copying ../build/parking_gz_sim/parking_gz_sim.egg-info to /home/shiha/gz_ws/install/parking_gz_sim/lib/python3.12/site-packages/parking_gz_sim-0.1.0-py3.12.egg-info
[3.709s] running install_scripts
[4.343s] Installing cctv_map_builder script to /home/shiha/gz_ws/install/parking_gz_sim/lib/parking_gz_sim
[4.345s] Installing map_astar_planner script to /home/shiha/gz_ws/install/parking_gz_sim/lib/parking_gz_sim
[4.345s] Installing sim_rigid_body_sync script to /home/shiha/gz_ws/install/parking_gz_sim/lib/parking_gz_sim
[4.347s] Installing waypoint_publisher script to /home/shiha/gz_ws/install/parking_gz_sim/lib/parking_gz_sim
[4.349s] writing list of installed files to '/home/shiha/gz_ws/build/parking_gz_sim/install.log'
[4.470s] Invoked command in '/home/shiha/gz_ws/src' returned '0': CONDA_PROMPT_MODIFIER=(base) PYTHONPATH=/home/shiha/gz_ws/build/parking_gz_sim/prefix_override:/usr/lib/python3/dist-packages/colcon_core/task/python/colcon_distutils_commands:/home/shiha/gz_ws/install/parking_gz_sim/lib/python3.12/site-packages:${PYTHONPATH} /usr/bin/python3 -W ignore:setup.py install is deprecated -W ignore:easy_install command is deprecated setup.py egg_info --egg-base ../build/parking_gz_sim build --build-base /home/shiha/gz_ws/build/parking_gz_sim/build install --record /home/shiha/gz_ws/build/parking_gz_sim/install.log --single-version-externally-managed install_data
