[1.769s] Invoking command in '/home/shiha/gz_ws/build/parking_gz_sim': CONDA_PROMPT_MODIFIER=(base) PYTHONPATH=/home/shiha/gz_ws/build/parking_gz_sim/prefix_override:/usr/lib/python3/dist-packages/colcon_core/task/python/colcon_distutils_commands:/home/shiha/gz_ws/install/parking_gz_sim/lib/python3.12/site-packages:${PYTHONPATH} /usr/bin/python3 -W ignore:setup.py install is deprecated -W ignore:easy_install command is deprecated setup.py develop --editable --build-directory /home/shiha/gz_ws/build/parking_gz_sim/build --no-deps symlink_data
[2.182s] running develop
[2.415s] running egg_info
[2.475s] writing parking_gz_sim.egg-info/PKG-INFO
[2.476s] writing dependency_links to parking_gz_sim.egg-info/dependency_links.txt
[2.476s] writing entry points to parking_gz_sim.egg-info/entry_points.txt
[2.477s] writing requirements to parking_gz_sim.egg-info/requires.txt
[2.477s] writing top-level names to parking_gz_sim.egg-info/top_level.txt
[2.529s] reading manifest file 'parking_gz_sim.egg-info/SOURCES.txt'
[2.534s] writing manifest file 'parking_gz_sim.egg-info/SOURCES.txt'
[2.554s] running build_ext
[2.555s] Creating /home/shiha/gz_ws/install/parking_gz_sim/lib/python3.12/site-packages/parking-gz-sim.egg-link (link to .)
[2.556s] Installing cctv_map_builder script to /home/shiha/gz_ws/install/parking_gz_sim/lib/parking_gz_sim
[2.557s] Installing map_astar_planner script to /home/shiha/gz_ws/install/parking_gz_sim/lib/parking_gz_sim
[2.558s] Installing sim_rigid_body_sync script to /home/shiha/gz_ws/install/parking_gz_sim/lib/parking_gz_sim
[2.559s] Installing waypoint_publisher script to /home/shiha/gz_ws/install/parking_gz_sim/lib/parking_gz_sim
[2.559s] 
[2.560s] Installed /home/shiha/gz_ws/build/parking_gz_sim
[2.560s] running symlink_data
[2.602s] Invoked command in '/home/shiha/gz_ws/build/parking_gz_sim' returned '0': CONDA_PROMPT_MODIFIER=(base) PYTHONPATH=/home/shiha/gz_ws/build/parking_gz_sim/prefix_override:/usr/lib/python3/dist-packages/colcon_core/task/python/colcon_distutils_commands:/home/shiha/gz_ws/install/parking_gz_sim/lib/python3.12/site-packages:${PYTHONPATH} /usr/bin/python3 -W ignore:setup.py install is deprecated -W ignore:easy_install command is deprecated setup.py develop --editable --build-directory /home/shiha/gz_ws/build/parking_gz_sim/build --no-deps symlink_data
