[0.706s] Invoking command in '/home/shiha/gz_ws/src': CONDA_PROMPT_MODIFIER=(base) PYTHONPATH=/home/shiha/gz_ws/build/parking_gz_sim/prefix_override:/usr/lib/python3/dist-packages/colcon_core/task/python/colcon_distutils_commands:/home/shiha/gz_ws/install/parking_gz_sim/lib/python3.12/site-packages:${PYTHONPATH} /usr/bin/python3 -W ignore:setup.py install is deprecated -W ignore:easy_install command is deprecated setup.py egg_info --egg-base ../build/parking_gz_sim build --build-base /home/shiha/gz_ws/build/parking_gz_sim/build install --record /home/shiha/gz_ws/build/parking_gz_sim/install.log --single-version-externally-managed install_data
[0.900s] running egg_info
[0.915s] writing ../build/parking_gz_sim/parking_gz_sim.egg-info/PKG-INFO
[0.915s] writing dependency_links to ../build/parking_gz_sim/parking_gz_sim.egg-info/dependency_links.txt
[0.916s] writing entry points to ../build/parking_gz_sim/parking_gz_sim.egg-info/entry_points.txt
[0.916s] writing requirements to ../build/parking_gz_sim/parking_gz_sim.egg-info/requires.txt
[0.916s] writing top-level names to ../build/parking_gz_sim/parking_gz_sim.egg-info/top_level.txt
[0.946s] reading manifest file '../build/parking_gz_sim/parking_gz_sim.egg-info/SOURCES.txt'
[0.947s] writing manifest file '../build/parking_gz_sim/parking_gz_sim.egg-info/SOURCES.txt'
[0.947s] running build
[0.947s] running build_py
[0.947s] copying parking_gz_sim/map_astar_planner.py -> /home/shiha/gz_ws/build/parking_gz_sim/build/lib/parking_gz_sim
[0.948s] running install
[0.952s] running install_lib
[0.966s] copying /home/shiha/gz_ws/build/parking_gz_sim/build/lib/parking_gz_sim/map_astar_planner.py -> /home/shiha/gz_ws/install/parking_gz_sim/lib/python3.12/site-packages/parking_gz_sim
[0.966s] byte-compiling /home/shiha/gz_ws/install/parking_gz_sim/lib/python3.12/site-packages/parking_gz_sim/map_astar_planner.py to map_astar_planner.cpython-312.pyc
[0.969s] running install_data
[0.969s] copying launch/sim.launch.py -> /home/shiha/gz_ws/install/parking_gz_sim/share/parking_gz_sim/launch
[0.970s] copying worlds/parking_lot.sdf -> /home/shiha/gz_ws/install/parking_gz_sim/share/parking_gz_sim/worlds
[0.970s] running install_egg_info
[0.985s] removing '/home/shiha/gz_ws/install/parking_gz_sim/lib/python3.12/site-packages/parking_gz_sim-0.1.0-py3.12.egg-info' (and everything under it)
[0.986s] Copying ../build/parking_gz_sim/parking_gz_sim.egg-info to /home/shiha/gz_ws/install/parking_gz_sim/lib/python3.12/site-packages/parking_gz_sim-0.1.0-py3.12.egg-info
[0.986s] running install_scripts
[1.082s] Installing cctv_map_builder script to /home/shiha/gz_ws/install/parking_gz_sim/lib/parking_gz_sim
[1.083s] Installing map_astar_planner script to /home/shiha/gz_ws/install/parking_gz_sim/lib/parking_gz_sim
[1.083s] Installing sim_rigid_body_sync script to /home/shiha/gz_ws/install/parking_gz_sim/lib/parking_gz_sim
[1.083s] Installing waypoint_publisher script to /home/shiha/gz_ws/install/parking_gz_sim/lib/parking_gz_sim
[1.083s] writing list of installed files to '/home/shiha/gz_ws/build/parking_gz_sim/install.log'
[1.106s] Invoked command in '/home/shiha/gz_ws/src' returned '0': CONDA_PROMPT_MODIFIER=(base) PYTHONPATH=/home/shiha/gz_ws/build/parking_gz_sim/prefix_override:/usr/lib/python3/dist-packages/colcon_core/task/python/colcon_distutils_commands:/home/shiha/gz_ws/install/parking_gz_sim/lib/python3.12/site-packages:${PYTHONPATH} /usr/bin/python3 -W ignore:setup.py install is deprecated -W ignore:easy_install command is deprecated setup.py egg_info --egg-base ../build/parking_gz_sim build --build-base /home/shiha/gz_ws/build/parking_gz_sim/build install --record /home/shiha/gz_ws/build/parking_gz_sim/install.log --single-version-externally-managed install_data
