[1.009s] Invoking command in '/home/shiha/gz_ws/build/parking_gz_sim': CONDA_PROMPT_MODIFIER=(base) PYTHONPATH=/home/shiha/gz_ws/build/parking_gz_sim/prefix_override:/usr/lib/python3/dist-packages/colcon_core/task/python/colcon_distutils_commands:/home/shiha/gz_ws/install/parking_gz_sim/lib/python3.12/site-packages:${PYTHONPATH} /usr/bin/python3 -W ignore:setup.py install is deprecated -W ignore:easy_install command is deprecated setup.py develop --editable --build-directory /home/shiha/gz_ws/build/parking_gz_sim/build --no-deps symlink_data
[1.249s] running develop
[1.397s] running egg_info
[1.416s] writing parking_gz_sim.egg-info/PKG-INFO
[1.418s] writing dependency_links to parking_gz_sim.egg-info/dependency_links.txt
[1.418s] writing entry points to parking_gz_sim.egg-info/entry_points.txt
[1.418s] writing requirements to parking_gz_sim.egg-info/requires.txt
[1.419s] writing top-level names to parking_gz_sim.egg-info/top_level.txt
[1.446s] reading manifest file 'parking_gz_sim.egg-info/SOURCES.txt'
[1.448s] writing manifest file 'parking_gz_sim.egg-info/SOURCES.txt'
[1.462s] running build_ext
[1.462s] Creating /home/shiha/gz_ws/install/parking_gz_sim/lib/python3.12/site-packages/parking-gz-sim.egg-link (link to .)
[1.463s] Installing cctv_map_builder script to /home/shiha/gz_ws/install/parking_gz_sim/lib/parking_gz_sim
[1.464s] Installing map_astar_planner script to /home/shiha/gz_ws/install/parking_gz_sim/lib/parking_gz_sim
[1.464s] Installing sim_rigid_body_sync script to /home/shiha/gz_ws/install/parking_gz_sim/lib/parking_gz_sim
[1.465s] Installing waypoint_publisher script to /home/shiha/gz_ws/install/parking_gz_sim/lib/parking_gz_sim
[1.465s] 
[1.465s] Installed /home/shiha/gz_ws/build/parking_gz_sim
[1.465s] running symlink_data
[1.494s] Invoked command in '/home/shiha/gz_ws/build/parking_gz_sim' returned '0': CONDA_PROMPT_MODIFIER=(base) PYTHONPATH=/home/shiha/gz_ws/build/parking_gz_sim/prefix_override:/usr/lib/python3/dist-packages/colcon_core/task/python/colcon_distutils_commands:/home/shiha/gz_ws/install/parking_gz_sim/lib/python3.12/site-packages:${PYTHONPATH} /usr/bin/python3 -W ignore:setup.py install is deprecated -W ignore:easy_install command is deprecated setup.py develop --editable --build-directory /home/shiha/gz_ws/build/parking_gz_sim/build --no-deps symlink_data
